----------------------------------------------------------------
<<<<<<< HEAD
Thu Feb 08 16:45:38 MST 2018:
Booting Derby version The Apache Software Foundation - Apache Derby - 10.12.1.1 - (1704137): instance a816c00e-0161-77cf-6dd9-000000b20a10 
on database directory memory:C:\Users\trenton.pulsipher\Documents\R\r_prjs\tsCogs\databaseName=metastore_db with class loader org.apache.spark.sql.hive.client.IsolatedClientLoader$$anon$1@176f30a 
Loaded from file:/C:/Users/trenton.pulsipher/AppData/Local/spark/spark-2.2.0-bin-hadoop2.7/jars/derby-10.12.1.1.jar
java.vendor=Oracle Corporation
java.runtime.version=1.8.0_161-b12
user.dir=C:\Users\trenton.pulsipher\Documents\R\r_prjs\tsCogs
=======
Fri Feb 09 07:30:34 MST 2018:
Booting Derby version The Apache Software Foundation - Apache Derby - 10.12.1.1 - (1704137): instance a816c00e-0161-7af9-9bfa-000000be2020 
on database directory memory:C:\Users\Joseph.Clark2\Documents\R\R_prjs\tsCogs\databaseName=metastore_db with class loader org.apache.spark.sql.hive.client.IsolatedClientLoader$$anon$1@779aaa 
Loaded from file:/C:/Users/Joseph.Clark2/AppData/Local/spark/spark-2.2.0-bin-hadoop2.7/jars/derby-10.12.1.1.jar
java.vendor=Oracle Corporation
java.runtime.version=1.8.0_161-b12
user.dir=C:\Users\Joseph.Clark2\Documents\R\R_prjs\tsCogs
>>>>>>> 8f4deecc3bba1cae4a928bbf7d7126019903f715
os.name=Windows 10
os.arch=x86
os.version=10.0
derby.system.home=null
Database Class Loader started - derby.database.classpath=''
