18/02/12 12:23:55 INFO SparkContext: Invoking stop() from shutdown hook
18/02/12 12:23:55 INFO SparkUI: Stopped Spark web UI at http://127.0.0.1:4040
18/02/12 12:23:55 INFO MapOutputTrackerMasterEndpoint: MapOutputTrackerMasterEndpoint stopped!
18/02/12 12:23:55 INFO MemoryStore: MemoryStore cleared
18/02/12 12:23:55 INFO BlockManager: BlockManager stopped
18/02/12 12:23:55 INFO BlockManagerMaster: BlockManagerMaster stopped
18/02/12 12:23:55 INFO OutputCommitCoordinator$OutputCommitCoordinatorEndpoint: OutputCommitCoordinator stopped!
18/02/12 12:23:55 WARN SparkEnv: Exception while deleting Spark temp dir: C:\Users\trenton.pulsipher\AppData\Local\Temp\spark-e85c50cc-8c2c-419f-af3f-08e0cddda29f\userFiles-e147493b-16af-4590-b31e-4f5790be005a
java.io.IOException: Failed to delete: C:\Users\trenton.pulsipher\AppData\Local\Temp\spark-e85c50cc-8c2c-419f-af3f-08e0cddda29f\userFiles-e147493b-16af-4590-b31e-4f5790be005a
	at org.apache.spark.util.Utils$.deleteRecursively(Utils.scala:1031)
	at org.apache.spark.SparkEnv.stop(SparkEnv.scala:103)
	at org.apache.spark.SparkContext$$anonfun$stop$11.apply$mcV$sp(SparkContext.scala:1937)
	at org.apache.spark.util.Utils$.tryLogNonFatalError(Utils.scala:1317)
	at org.apache.spark.SparkContext.stop(SparkContext.scala:1936)
	at org.apache.spark.SparkContext$$anonfun$2.apply$mcV$sp(SparkContext.scala:581)
	at org.apache.spark.util.SparkShutdownHook.run(ShutdownHookManager.scala:216)
	at org.apache.spark.util.SparkShutdownHookManager$$anonfun$runAll$1$$anonfun$apply$mcV$sp$1.apply$mcV$sp(ShutdownHookManager.scala:188)
	at org.apache.spark.util.SparkShutdownHookManager$$anonfun$runAll$1$$anonfun$apply$mcV$sp$1.apply(ShutdownHookManager.scala:188)
	at org.apache.spark.util.SparkShutdownHookManager$$anonfun$runAll$1$$anonfun$apply$mcV$sp$1.apply(ShutdownHookManager.scala:188)
	at org.apache.spark.util.Utils$.logUncaughtExceptions(Utils.scala:1954)
	at org.apache.spark.util.SparkShutdownHookManager$$anonfun$runAll$1.apply$mcV$sp(ShutdownHookManager.scala:188)
	at org.apache.spark.util.SparkShutdownHookManager$$anonfun$runAll$1.apply(ShutdownHookManager.scala:188)
	at org.apache.spark.util.SparkShutdownHookManager$$anonfun$runAll$1.apply(ShutdownHookManager.scala:188)
	at scala.util.Try$.apply(Try.scala:192)
	at org.apache.spark.util.SparkShutdownHookManager.runAll(ShutdownHookManager.scala:188)
	at org.apache.spark.util.SparkShutdownHookManager$$anon$2.run(ShutdownHookManager.scala:178)
	at org.apache.hadoop.util.ShutdownHookManager$1.run(ShutdownHookManager.java:54)
18/02/12 12:23:55 INFO SparkContext: Successfully stopped SparkContext
18/02/12 12:23:55 INFO ShutdownHookManager: Shutdown hook called
18/02/12 12:23:55 INFO ShutdownHookManager: Deleting directory C:\Users\trenton.pulsipher\AppData\Local\Temp\spark-e85c50cc-8c2c-419f-af3f-08e0cddda29f
18/02/12 12:23:55 ERROR ShutdownHookManager: Exception while deleting Spark temp dir: C:\Users\trenton.pulsipher\AppData\Local\Temp\spark-e85c50cc-8c2c-419f-af3f-08e0cddda29f
java.io.IOException: Failed to delete: C:\Users\trenton.pulsipher\AppData\Local\Temp\spark-e85c50cc-8c2c-419f-af3f-08e0cddda29f
	at org.apache.spark.util.Utils$.deleteRecursively(Utils.scala:1031)
	at org.apache.spark.util.ShutdownHookManager$$anonfun$1$$anonfun$apply$mcV$sp$3.apply(ShutdownHookManager.scala:65)
	at org.apache.spark.util.ShutdownHookManager$$anonfun$1$$anonfun$apply$mcV$sp$3.apply(ShutdownHookManager.scala:62)
	at scala.collection.IndexedSeqOptimized$class.foreach(IndexedSeqOptimized.scala:33)
	at scala.collection.mutable.ArrayOps$ofRef.foreach(ArrayOps.scala:186)
	at org.apache.spark.util.ShutdownHookManager$$anonfun$1.apply$mcV$sp(ShutdownHookManager.scala:62)
	at org.apache.spark.util.SparkShutdownHook.run(ShutdownHookManager.scala:216)
	at org.apache.spark.util.SparkShutdownHookManager$$anonfun$runAll$1$$anonfun$apply$mcV$sp$1.apply$mcV$sp(ShutdownHookManager.scala:188)
	at org.apache.spark.util.SparkShutdownHookManager$$anonfun$runAll$1$$anonfun$apply$mcV$sp$1.apply(ShutdownHookManager.scala:188)
	at org.apache.spark.util.SparkShutdownHookManager$$anonfun$runAll$1$$anonfun$apply$mcV$sp$1.apply(ShutdownHookManager.scala:188)
	at org.apache.spark.util.Utils$.logUncaughtExceptions(Utils.scala:1954)
	at org.apache.spark.util.SparkShutdownHookManager$$anonfun$runAll$1.apply$mcV$sp(ShutdownHookManager.scala:188)
	at org.apache.spark.util.SparkShutdownHookManager$$anonfun$runAll$1.apply(ShutdownHookManager.scala:188)
	at org.apache.spark.util.SparkShutdownHookManager$$anonfun$runAll$1.apply(ShutdownHookManager.scala:188)
	at scala.util.Try$.apply(Try.scala:192)
	at org.apache.spark.util.SparkShutdownHookManager.runAll(ShutdownHookManager.scala:188)
	at org.apache.spark.util.SparkShutdownHookManager$$anon$2.run(ShutdownHookManager.scala:178)
	at org.apache.hadoop.util.ShutdownHookManager$1.run(ShutdownHookManager.java:54)
18/02/12 12:23:55 INFO ShutdownHookManager: Deleting directory C:\Users\trenton.pulsipher\AppData\Local\Temp\spark-e85c50cc-8c2c-419f-af3f-08e0cddda29f\userFiles-e147493b-16af-4590-b31e-4f5790be005a
18/02/12 12:23:55 ERROR ShutdownHookManager: Exception while deleting Spark temp dir: C:\Users\trenton.pulsipher\AppData\Local\Temp\spark-e85c50cc-8c2c-419f-af3f-08e0cddda29f\userFiles-e147493b-16af-4590-b31e-4f5790be005a
java.io.IOException: Failed to delete: C:\Users\trenton.pulsipher\AppData\Local\Temp\spark-e85c50cc-8c2c-419f-af3f-08e0cddda29f\userFiles-e147493b-16af-4590-b31e-4f5790be005a
	at org.apache.spark.util.Utils$.deleteRecursively(Utils.scala:1031)
	at org.apache.spark.util.ShutdownHookManager$$anonfun$1$$anonfun$apply$mcV$sp$3.apply(ShutdownHookManager.scala:65)
	at org.apache.spark.util.ShutdownHookManager$$anonfun$1$$anonfun$apply$mcV$sp$3.apply(ShutdownHookManager.scala:62)
	at scala.collection.IndexedSeqOptimized$class.foreach(IndexedSeqOptimized.scala:33)
	at scala.collection.mutable.ArrayOps$ofRef.foreach(ArrayOps.scala:186)
	at org.apache.spark.util.ShutdownHookManager$$anonfun$1.apply$mcV$sp(ShutdownHookManager.scala:62)
	at org.apache.spark.util.SparkShutdownHook.run(ShutdownHookManager.scala:216)
	at org.apache.spark.util.SparkShutdownHookManager$$anonfun$runAll$1$$anonfun$apply$mcV$sp$1.apply$mcV$sp(ShutdownHookManager.scala:188)
	at org.apache.spark.util.SparkShutdownHookManager$$anonfun$runAll$1$$anonfun$apply$mcV$sp$1.apply(ShutdownHookManager.scala:188)
	at org.apache.spark.util.SparkShutdownHookManager$$anonfun$runAll$1$$anonfun$apply$mcV$sp$1.apply(ShutdownHookManager.scala:188)
	at org.apache.spark.util.Utils$.logUncaughtExceptions(Utils.scala:1954)
	at org.apache.spark.util.SparkShutdownHookManager$$anonfun$runAll$1.apply$mcV$sp(ShutdownHookManager.scala:188)
	at org.apache.spark.util.SparkShutdownHookManager$$anonfun$runAll$1.apply(ShutdownHookManager.scala:188)
	at org.apache.spark.util.SparkShutdownHookManager$$anonfun$runAll$1.apply(ShutdownHookManager.scala:188)
	at scala.util.Try$.apply(Try.scala:192)
	at org.apache.spark.util.SparkShutdownHookManager.runAll(ShutdownHookManager.scala:188)
	at org.apache.spark.util.SparkShutdownHookManager$$anon$2.run(ShutdownHookManager.scala:178)
	at org.apache.hadoop.util.ShutdownHookManager$1.run(ShutdownHookManager.java:54)
